1591843781374	mozrunner::runner	INFO	Running command: "C:\\Program Files (x86)\\Mozilla Firefox\\firefox.exe" "-marionette" "-foreground" "-no-remote" "-profile" "C:\\Users\\karth\\AppData\\Local\\Temp\\rust_mozprofileA1EUud"
JavaScript error: resource://gre/modules/XULStore.jsm, line 66: Error: Can't find profile directory.
1591843809934	Marionette	INFO	Listening on port 62540
1591843810235	Marionette	WARN	TLS certificate errors will be ignored for this session
console.error: "Store does not have a valid reducer. Make sure the argument passed to combineReducers is an object whose values are reducers."
JavaScript error: https://www1.nseindia.com/common/js/js.js, line 85: ReferenceError: getTopGainersData is not defined
JavaScript error: https://www1.nseindia.com/common/js/js.js, line 85: ReferenceError: getTopGainersData is not defined
JavaScript error: https://www1.nseindia.com/common/js/js.js, line 85: ReferenceError: getTopGainersData is not defined
1591844009774	Marionette	INFO	Stopped listening on port 62540

###!!! [Child][RunMessage] Error: Channel closing: too late to send/recv, messages will be lost

1592584216975	mozrunner::runner	INFO	Running command: "C:\\Program Files (x86)\\Mozilla Firefox\\firefox.exe" "-marionette" "-foreground" "-no-remote" "-profile" "C:\\Users\\karth\\AppData\\Local\\Temp\\rust_mozprofileOucUx0"
JavaScript error: resource://gre/modules/XULStore.jsm, line 66: Error: Can't find profile directory.
1592584221547	Marionette	INFO	Listening on port 56022
1592584221718	Marionette	WARN	TLS certificate errors will be ignored for this session
JavaScript error: https://www1.nseindia.com/common/js/js.js, line 85: ReferenceError: getTopGainersData is not defined
JavaScript error: https://www1.nseindia.com/common/js/js.js, line 85: ReferenceError: getTopGainersData is not defined
JavaScript error: https://www1.nseindia.com/common/js/js.js, line 85: ReferenceError: getTopGainersData is not defined
JavaScript error: https://www1.nseindia.com/common/js/js.js, line 85: ReferenceError: getTopGainersData is not defined
JavaScript error: https://www1.nseindia.com/common/js/js.js, line 85: ReferenceError: getTopGainersData is not defined
JavaScript error: https://www1.nseindia.com/common/js/js.js, line 85: ReferenceError: getTopGainersData is not defined
JavaScript error: https://www1.nseindia.com/common/js/js.js, line 85: ReferenceError: getTopGainersData is not defined
JavaScript error: https://www1.nseindia.com/common/js/js.js, line 85: ReferenceError: getTopGainersData is not defined
JavaScript error: https://www1.nseindia.com/common/js/js.js, line 85: ReferenceError: getTopGainersData is not defined
JavaScript error: https://www1.nseindia.com/common/js/js.js, line 85: ReferenceError: getTopGainersData is not defined
JavaScript error: https://www1.nseindia.com/common/js/js.js, line 85: ReferenceError: getTopGainersData is not defined
JavaScript error: https://www1.nseindia.com/common/js/js.js, line 85: ReferenceError: getTopGainersData is not defined
JavaScript error: https://www1.nseindia.com/common/js/js.js, line 85: ReferenceError: getTopGainersData is not defined
JavaScript error: https://www1.nseindia.com/common/js/js.js, line 85: ReferenceError: getTopGainersData is not defined
JavaScript error: https://www1.nseindia.com/common/js/js.js, line 85: ReferenceError: getTopGainersData is not defined
JavaScript error: https://www1.nseindia.com/common/js/js.js, line 85: ReferenceError: getTopGainersData is not defined
JavaScript error: https://www1.nseindia.com/common/js/js.js, line 85: ReferenceError: getTopGainersData is not defined
JavaScript error: https://www1.nseindia.com/common/js/js.js, line 85: ReferenceError: getTopGainersData is not defined
JavaScript error: https://www1.nseindia.com/common/js/js.js, line 85: ReferenceError: getTopGainersData is not defined
JavaScript error: https://www1.nseindia.com/common/js/js.js, line 85: ReferenceError: getTopGainersData is not defined
JavaScript error: https://www1.nseindia.com/common/js/js.js, line 85: ReferenceError: getTopGainersData is not defined
JavaScript error: https://www1.nseindia.com/common/js/js.js, line 85: ReferenceError: getTopGainersData is not defined
JavaScript error: https://www1.nseindia.com/common/js/js.js, line 85: ReferenceError: getTopGainersData is not defined
JavaScript error: https://www1.nseindia.com/common/js/js.js, line 85: ReferenceError: getTopGainersData is not defined
JavaScript error: https://www1.nseindia.com/common/js/js.js, line 85: ReferenceError: getTopGainersData is not defined
JavaScript error: https://www1.nseindia.com/common/js/js.js, line 85: ReferenceError: getTopGainersData is not defined
JavaScript error: https://www1.nseindia.com/common/js/js.js, line 85: ReferenceError: getTopGainersData is not defined
JavaScript error: https://www1.nseindia.com/common/js/js.js, line 85: ReferenceError: getTopGainersData is not defined
JavaScript error: https://www1.nseindia.com/common/js/js.js, line 85: ReferenceError: getTopGainersData is not defined
JavaScript error: https://www1.nseindia.com/common/js/js.js, line 85: ReferenceError: getTopGainersData is not defined
JavaScript error: https://www1.nseindia.com/common/js/js.js, line 85: ReferenceError: getTopGainersData is not defined
JavaScript error: https://www1.nseindia.com/common/js/js.js, line 85: ReferenceError: getTopGainersData is not defined
JavaScript error: https://www1.nseindia.com/common/js/js.js, line 85: ReferenceError: getTopGainersData is not defined
JavaScript error: https://www1.nseindia.com/common/js/js.js, line 85: ReferenceError: getTopGainersData is not defined
JavaScript error: https://www1.nseindia.com/common/js/js.js, line 85: ReferenceError: getTopGainersData is not defined
JavaScript error: https://www1.nseindia.com/common/js/js.js, line 85: ReferenceError: getTopGainersData is not defined
JavaScript error: https://www1.nseindia.com/common/js/js.js, line 85: ReferenceError: getTopGainersData is not defined
JavaScript error: https://www1.nseindia.com/common/js/js.js, line 85: ReferenceError: getTopGainersData is not defined
JavaScript error: https://www1.nseindia.com/common/js/js.js, line 85: ReferenceError: getTopGainersData is not defined
JavaScript error: https://www1.nseindia.com/common/js/js.js, line 85: ReferenceError: getTopGainersData is not defined
JavaScript error: https://www1.nseindia.com/common/js/js.js, line 85: ReferenceError: getTopGainersData is not defined
JavaScript error: https://www1.nseindia.com/common/js/js.js, line 85: ReferenceError: getTopGainersData is not defined
JavaScript error: https://www1.nseindia.com/common/js/js.js, line 85: ReferenceError: getTopGainersData is not defined
JavaScript error: https://www1.nseindia.com/common/js/js.js, line 85: ReferenceError: getTopGainersData is not defined
JavaScript error: https://www1.nseindia.com/common/js/js.js, line 85: ReferenceError: getTopGainersData is not defined
JavaScript error: https://www1.nseindia.com/common/js/js.js, line 85: ReferenceError: getTopGainersData is not defined
JavaScript error: https://www1.nseindia.com/common/js/js.js, line 85: ReferenceError: getTopGainersData is not defined
JavaScript error: https://www1.nseindia.com/common/js/js.js, line 85: ReferenceError: getTopGainersData is not defined
JavaScript error: https://www1.nseindia.com/common/js/js.js, line 85: ReferenceError: getTopGainersData is not defined
JavaScript error: https://www1.nseindia.com/common/js/js.js, line 85: ReferenceError: getTopGainersData is not defined
JavaScript error: https://www1.nseindia.com/common/js/js.js, line 85: ReferenceError: getTopGainersData is not defined
JavaScript error: https://www1.nseindia.com/common/js/js.js, line 85: ReferenceError: getTopGainersData is not defined
JavaScript error: https://www1.nseindia.com/common/js/js.js, line 85: ReferenceError: getTopGainersData is not defined
JavaScript error: https://www1.nseindia.com/common/js/js.js, line 85: ReferenceError: getTopGainersData is not defined
JavaScript error: https://www1.nseindia.com/common/js/js.js, line 85: ReferenceError: getTopGainersData is not defined
JavaScript error: https://www1.nseindia.com/common/js/js.js, line 85: ReferenceError: getTopGainersData is not defined
JavaScript error: https://www1.nseindia.com/common/js/js.js, line 85: ReferenceError: getTopGainersData is not defined
JavaScript error: https://www1.nseindia.com/common/js/js.js, line 85: ReferenceError: getTopGainersData is not defined
JavaScript error: https://www1.nseindia.com/common/js/js.js, line 85: ReferenceError: getTopGainersData is not defined
JavaScript error: https://www1.nseindia.com/common/js/js.js, line 85: ReferenceError: getTopGainersData is not defined
JavaScript error: https://www1.nseindia.com/common/js/js.js, line 85: ReferenceError: getTopGainersData is not defined
JavaScript error: https://www1.nseindia.com/common/js/js.js, line 85: ReferenceError: getTopGainersData is not defined
JavaScript error: https://www1.nseindia.com/common/js/js.js, line 85: ReferenceError: getTopGainersData is not defined
JavaScript error: https://www1.nseindia.com/common/js/js.js, line 85: ReferenceError: getTopGainersData is not defined
JavaScript error: https://www1.nseindia.com/common/js/js.js, line 85: ReferenceError: getTopGainersData is not defined
JavaScript error: https://www1.nseindia.com/common/js/js.js, line 85: ReferenceError: getTopGainersData is not defined
JavaScript error: https://www1.nseindia.com/common/js/js.js, line 85: ReferenceError: getTopGainersData is not defined
JavaScript error: https://www1.nseindia.com/common/js/js.js, line 85: ReferenceError: getTopGainersData is not defined
JavaScript error: https://www1.nseindia.com/common/js/js.js, line 85: ReferenceError: getTopGainersData is not defined
JavaScript error: https://www1.nseindia.com/common/js/js.js, line 85: ReferenceError: getTopGainersData is not defined
JavaScript error: https://www1.nseindia.com/common/js/js.js, line 85: ReferenceError: getTopGainersData is not defined
JavaScript error: https://www1.nseindia.com/common/js/js.js, line 85: ReferenceError: getTopGainersData is not defined
JavaScript error: https://www1.nseindia.com/common/js/js.js, line 85: ReferenceError: getTopGainersData is not defined
JavaScript error: https://www1.nseindia.com/common/js/js.js, line 85: ReferenceError: getTopGainersData is not defined
JavaScript error: https://www1.nseindia.com/common/js/js.js, line 85: ReferenceError: getTopGainersData is not defined
JavaScript error: https://www1.nseindia.com/common/js/js.js, line 85: ReferenceError: getTopGainersData is not defined
JavaScript error: https://www1.nseindia.com/common/js/js.js, line 85: ReferenceError: getTopGainersData is not defined
JavaScript error: https://www1.nseindia.com/common/js/js.js, line 85: ReferenceError: getTopGainersData is not defined
JavaScript error: https://www1.nseindia.com/common/js/js.js, line 85: ReferenceError: getTopGainersData is not defined
JavaScript error: https://www1.nseindia.com/common/js/js.js, line 85: ReferenceError: getTopGainersData is not defined
JavaScript error: https://www1.nseindia.com/common/js/js.js, line 85: ReferenceError: getTopGainersData is not defined
JavaScript error: https://www1.nseindia.com/common/js/js.js, line 85: ReferenceError: getTopGainersData is not defined
JavaScript error: https://www1.nseindia.com/common/js/js.js, line 85: ReferenceError: getTopGainersData is not defined
JavaScript error: https://www1.nseindia.com/common/js/js.js, line 85: ReferenceError: getTopGainersData is not defined
JavaScript error: https://www1.nseindia.com/common/js/js.js, line 85: ReferenceError: getTopGainersData is not defined
JavaScript error: https://www1.nseindia.com/common/js/js.js, line 85: ReferenceError: getTopGainersData is not defined
JavaScript error: https://www1.nseindia.com/common/js/js.js, line 85: ReferenceError: getTopGainersData is not defined
JavaScript error: https://www1.nseindia.com/common/js/js.js, line 85: ReferenceError: getTopGainersData is not defined
JavaScript error: https://www1.nseindia.com/common/js/js.js, line 85: ReferenceError: getTopGainersData is not defined
JavaScript error: https://www1.nseindia.com/common/js/js.js, line 85: ReferenceError: getTopGainersData is not defined
JavaScript error: https://www1.nseindia.com/common/js/js.js, line 85: ReferenceError: getTopGainersData is not defined
JavaScript error: https://www1.nseindia.com/common/js/js.js, line 85: ReferenceError: getTopGainersData is not defined
JavaScript error: https://www1.nseindia.com/common/js/js.js, line 85: ReferenceError: getTopGainersData is not defined
JavaScript error: https://www1.nseindia.com/common/js/js.js, line 85: ReferenceError: getTopGainersData is not defined
JavaScript error: https://www1.nseindia.com/common/js/js.js, line 85: ReferenceError: getTopGainersData is not defined
JavaScript error: https://www1.nseindia.com/common/js/js.js, line 85: ReferenceError: getTopGainersData is not defined
JavaScript error: https://www1.nseindia.com/common/js/js.js, line 85: ReferenceError: getTopGainersData is not defined
JavaScript error: https://www1.nseindia.com/common/js/js.js, line 85: ReferenceError: getTopGainersData is not defined
JavaScript error: https://www1.nseindia.com/common/js/js.js, line 85: ReferenceError: getTopGainersData is not defined
JavaScript error: https://www1.nseindia.com/common/js/js.js, line 85: ReferenceError: getTopGainersData is not defined
JavaScript error: https://www1.nseindia.com/common/js/js.js, line 85: ReferenceError: getTopGainersData is not defined
JavaScript error: https://www1.nseindia.com/common/js/js.js, line 85: ReferenceError: getTopGainersData is not defined
JavaScript error: https://www1.nseindia.com/common/js/js.js, line 85: ReferenceError: getTopGainersData is not defined
JavaScript error: https://www1.nseindia.com/common/js/js.js, line 85: ReferenceError: getTopGainersData is not defined
JavaScript error: https://www1.nseindia.com/common/js/js.js, line 85: ReferenceError: getTopGainersData is not defined
JavaScript error: https://www1.nseindia.com/common/js/js.js, line 85: ReferenceError: getTopGainersData is not defined
JavaScript error: https://www1.nseindia.com/common/js/js.js, line 85: ReferenceError: getTopGainersData is not defined
JavaScript error: https://www1.nseindia.com/common/js/js.js, line 85: ReferenceError: getTopGainersData is not defined
JavaScript error: https://www1.nseindia.com/common/js/js.js, line 85: ReferenceError: getTopGainersData is not defined
JavaScript error: https://www1.nseindia.com/common/js/js.js, line 85: ReferenceError: getTopGainersData is not defined
JavaScript error: https://www1.nseindia.com/common/js/js.js, line 85: ReferenceError: getTopGainersData is not defined
JavaScript error: https://www1.nseindia.com/common/js/js.js, line 85: ReferenceError: getTopGainersData is not defined
JavaScript error: https://www1.nseindia.com/common/js/js.js, line 85: ReferenceError: getTopGainersData is not defined
JavaScript error: https://www1.nseindia.com/common/js/js.js, line 85: ReferenceError: getTopGainersData is not defined
JavaScript error: https://www1.nseindia.com/common/js/js.js, line 85: ReferenceError: getTopGainersData is not defined
JavaScript error: https://www1.nseindia.com/common/js/js.js, line 85: ReferenceError: getTopGainersData is not defined
JavaScript error: https://www1.nseindia.com/common/js/js.js, line 85: ReferenceError: getTopGainersData is not defined
JavaScript error: https://www1.nseindia.com/common/js/js.js, line 85: ReferenceError: getTopGainersData is not defined
JavaScript error: https://www1.nseindia.com/common/js/js.js, line 85: ReferenceError: getTopGainersData is not defined
JavaScript error: https://www1.nseindia.com/common/js/js.js, line 85: ReferenceError: getTopGainersData is not defined
JavaScript error: https://www1.nseindia.com/common/js/js.js, line 85: ReferenceError: getTopGainersData is not defined
JavaScript error: https://www1.nseindia.com/common/js/js.js, line 85: ReferenceError: getTopGainersData is not defined
JavaScript error: https://www1.nseindia.com/common/js/js.js, line 85: ReferenceError: getTopGainersData is not defined
JavaScript error: https://www1.nseindia.com/common/js/js.js, line 85: ReferenceError: getTopGainersData is not defined
JavaScript error: https://www1.nseindia.com/common/js/js.js, line 85: ReferenceError: getTopGainersData is not defined
JavaScript error: https://www1.nseindia.com/common/js/js.js, line 85: ReferenceError: getTopGainersData is not defined
JavaScript error: https://www1.nseindia.com/common/js/js.js, line 85: ReferenceError: getTopGainersData is not defined
JavaScript error: https://www1.nseindia.com/common/js/js.js, line 85: ReferenceError: getTopGainersData is not defined
JavaScript error: https://www1.nseindia.com/common/js/js.js, line 85: ReferenceError: getTopGainersData is not defined
JavaScript error: https://www1.nseindia.com/common/js/js.js, line 85: ReferenceError: getTopGainersData is not defined
JavaScript error: https://www1.nseindia.com/common/js/js.js, line 85: ReferenceError: getTopGainersData is not defined
JavaScript error: https://www1.nseindia.com/common/js/js.js, line 85: ReferenceError: getTopGainersData is not defined
JavaScript error: https://www1.nseindia.com/common/js/js.js, line 85: ReferenceError: getTopGainersData is not defined
JavaScript error: https://www1.nseindia.com/common/js/js.js, line 85: ReferenceError: getTopGainersData is not defined
JavaScript error: https://www1.nseindia.com/common/js/js.js, line 85: ReferenceError: getTopGainersData is not defined
JavaScript error: https://www1.nseindia.com/common/js/js.js, line 85: ReferenceError: getTopGainersData is not defined
JavaScript error: https://www1.nseindia.com/common/js/js.js, line 85: ReferenceError: getTopGainersData is not defined
JavaScript error: https://www1.nseindia.com/common/js/js.js, line 85: ReferenceError: getTopGainersData is not defined
JavaScript error: https://www1.nseindia.com/common/js/js.js, line 85: ReferenceError: getTopGainersData is not defined
JavaScript error: https://www1.nseindia.com/common/js/js.js, line 85: ReferenceError: getTopGainersData is not defined
JavaScript error: https://www1.nseindia.com/common/js/js.js, line 85: ReferenceError: getTopGainersData is not defined
JavaScript error: https://www1.nseindia.com/common/js/js.js, line 85: ReferenceError: getTopGainersData is not defined
JavaScript error: https://www1.nseindia.com/common/js/js.js, line 85: ReferenceError: getTopGainersData is not defined
JavaScript error: https://www1.nseindia.com/common/js/js.js, line 85: ReferenceError: getTopGainersData is not defined
JavaScript error: https://www1.nseindia.com/common/js/js.js, line 85: ReferenceError: getTopGainersData is not defined
JavaScript error: https://www1.nseindia.com/common/js/js.js, line 85: ReferenceError: getTopGainersData is not defined
JavaScript error: https://www1.nseindia.com/common/js/js.js, line 85: ReferenceError: getTopGainersData is not defined
JavaScript error: https://www1.nseindia.com/common/js/js.js, line 85: ReferenceError: getTopGainersData is not defined
JavaScript error: https://www1.nseindia.com/common/js/js.js, line 85: ReferenceError: getTopGainersData is not defined
JavaScript error: https://www1.nseindia.com/common/js/js.js, line 85: ReferenceError: getTopGainersData is not defined
JavaScript error: https://www1.nseindia.com/common/js/js.js, line 85: ReferenceError: getTopGainersData is not defined
JavaScript error: https://www1.nseindia.com/common/js/js.js, line 85: ReferenceError: getTopGainersData is not defined
JavaScript error: https://www1.nseindia.com/common/js/js.js, line 85: ReferenceError: getTopGainersData is not defined
JavaScript error: https://www1.nseindia.com/common/js/js.js, line 85: ReferenceError: getTopGainersData is not defined
JavaScript error: https://www1.nseindia.com/common/js/js.js, line 85: ReferenceError: getTopGainersData is not defined
JavaScript error: https://www1.nseindia.com/common/js/js.js, line 85: ReferenceError: getTopGainersData is not defined
JavaScript error: https://www1.nseindia.com/common/js/js.js, line 85: ReferenceError: getTopGainersData is not defined
JavaScript error: https://www1.nseindia.com/common/js/js.js, line 85: ReferenceError: getTopGainersData is not defined
JavaScript error: https://www1.nseindia.com/common/js/js.js, line 85: ReferenceError: getTopGainersData is not defined
JavaScript error: https://www1.nseindia.com/common/js/js.js, line 85: ReferenceError: getTopGainersData is not defined
JavaScript error: https://www1.nseindia.com/common/js/js.js, line 85: ReferenceError: getTopGainersData is not defined
JavaScript error: https://www1.nseindia.com/common/js/js.js, line 85: ReferenceError: getTopGainersData is not defined
JavaScript error: https://www1.nseindia.com/common/js/js.js, line 85: ReferenceError: getTopGainersData is not defined
JavaScript error: https://www1.nseindia.com/common/js/js.js, line 85: ReferenceError: getTopGainersData is not defined
JavaScript error: https://www1.nseindia.com/common/js/js.js, line 85: ReferenceError: getTopGainersData is not defined
JavaScript error: https://www1.nseindia.com/common/js/js.js, line 85: ReferenceError: getTopGainersData is not defined
JavaScript error: https://www1.nseindia.com/common/js/js.js, line 85: ReferenceError: getTopGainersData is not defined
JavaScript error: https://www1.nseindia.com/common/js/js.js, line 85: ReferenceError: getTopGainersData is not defined
JavaScript error: https://www1.nseindia.com/common/js/js.js, line 85: ReferenceError: getTopGainersData is not defined
JavaScript error: https://www1.nseindia.com/common/js/js.js, line 85: ReferenceError: getTopGainersData is not defined
JavaScript error: https://www1.nseindia.com/common/js/js.js, line 85: ReferenceError: getTopGainersData is not defined
JavaScript error: https://www1.nseindia.com/common/js/js.js, line 85: ReferenceError: getTopGainersData is not defined
JavaScript error: https://www1.nseindia.com/common/js/js.js, line 85: ReferenceError: getTopGainersData is not defined
JavaScript error: https://www1.nseindia.com/common/js/js.js, line 85: ReferenceError: getTopGainersData is not defined
JavaScript error: https://www1.nseindia.com/common/js/js.js, line 85: ReferenceError: getTopGainersData is not defined
JavaScript error: https://www1.nseindia.com/common/js/js.js, line 85: ReferenceError: getTopGainersData is not defined
JavaScript error: https://www1.nseindia.com/common/js/js.js, line 85: ReferenceError: getTopGainersData is not defined
JavaScript error: https://www1.nseindia.com/common/js/js.js, line 85: ReferenceError: getTopGainersData is not defined
JavaScript error: https://www1.nseindia.com/common/js/js.js, line 85: ReferenceError: getTopGainersData is not defined
JavaScript error: https://www1.nseindia.com/common/js/js.js, line 85: ReferenceError: getTopGainersData is not defined
JavaScript error: https://www1.nseindia.com/common/js/js.js, line 85: ReferenceError: getTopGainersData is not defined
JavaScript error: https://www1.nseindia.com/common/js/js.js, line 85: ReferenceError: getTopGainersData is not defined
JavaScript error: https://www1.nseindia.com/common/js/js.js, line 85: ReferenceError: getTopGainersData is not defined
JavaScript error: https://www1.nseindia.com/common/js/js.js, line 85: ReferenceError: getTopGainersData is not defined
JavaScript error: https://www1.nseindia.com/common/js/js.js, line 85: ReferenceError: getTopGainersData is not defined
JavaScript error: https://www1.nseindia.com/common/js/js.js, line 85: ReferenceError: getTopGainersData is not defined
JavaScript error: https://www1.nseindia.com/common/js/js.js, line 85: ReferenceError: getTopGainersData is not defined
JavaScript error: https://www1.nseindia.com/common/js/js.js, line 85: ReferenceError: getTopGainersData is not defined
JavaScript error: https://www1.nseindia.com/common/js/js.js, line 85: ReferenceError: getTopGainersData is not defined
JavaScript error: https://www1.nseindia.com/common/js/js.js, line 85: ReferenceError: getTopGainersData is not defined
JavaScript error: https://www1.nseindia.com/common/js/js.js, line 85: ReferenceError: getTopGainersData is not defined
JavaScript error: https://www1.nseindia.com/common/js/js.js, line 85: ReferenceError: getTopGainersData is not defined
JavaScript error: https://www1.nseindia.com/common/js/js.js, line 85: ReferenceError: getTopGainersData is not defined
JavaScript error: https://www1.nseindia.com/common/js/js.js, line 85: ReferenceError: getTopGainersData is not defined
JavaScript error: https://www1.nseindia.com/common/js/js.js, line 85: ReferenceError: getTopGainersData is not defined
JavaScript error: https://www1.nseindia.com/common/js/js.js, line 85: ReferenceError: getTopGainersData is not defined
JavaScript error: https://www1.nseindia.com/common/js/js.js, line 85: ReferenceError: getTopGainersData is not defined
JavaScript error: https://www1.nseindia.com/common/js/js.js, line 85: ReferenceError: getTopGainersData is not defined
JavaScript error: https://www1.nseindia.com/common/js/js.js, line 85: ReferenceError: getTopGainersData is not defined
JavaScript error: https://www1.nseindia.com/common/js/js.js, line 85: ReferenceError: getTopGainersData is not defined
JavaScript error: https://www1.nseindia.com/common/js/js.js, line 85: ReferenceError: getTopGainersData is not defined
JavaScript error: https://www1.nseindia.com/common/js/js.js, line 85: ReferenceError: getTopGainersData is not defined
JavaScript error: https://www1.nseindia.com/common/js/js.js, line 85: ReferenceError: getTopGainersData is not defined
JavaScript error: https://www1.nseindia.com/common/js/js.js, line 85: ReferenceError: getTopGainersData is not defined
JavaScript error: https://www1.nseindia.com/common/js/js.js, line 85: ReferenceError: getTopGainersData is not defined
JavaScript error: https://www1.nseindia.com/common/js/js.js, line 85: ReferenceError: getTopGainersData is not defined
JavaScript error: https://www1.nseindia.com/common/js/js.js, line 85: ReferenceError: getTopGainersData is not defined
JavaScript error: https://www1.nseindia.com/common/js/js.js, line 85: ReferenceError: getTopGainersData is not defined
JavaScript error: https://www1.nseindia.com/common/js/js.js, line 85: ReferenceError: getTopGainersData is not defined
JavaScript error: https://www1.nseindia.com/common/js/js.js, line 85: ReferenceError: getTopGainersData is not defined
JavaScript error: https://www1.nseindia.com/common/js/js.js, line 85: ReferenceError: getTopGainersData is not defined
JavaScript error: https://www1.nseindia.com/common/js/js.js, line 85: ReferenceError: getTopGainersData is not defined
JavaScript error: https://www1.nseindia.com/common/js/js.js, line 85: ReferenceError: getTopGainersData is not defined
JavaScript error: https://www1.nseindia.com/common/js/js.js, line 85: ReferenceError: getTopGainersData is not defined
JavaScript error: https://www1.nseindia.com/common/js/js.js, line 85: ReferenceError: getTopGainersData is not defined
JavaScript error: https://www1.nseindia.com/common/js/js.js, line 85: ReferenceError: getTopGainersData is not defined
JavaScript error: https://www1.nseindia.com/common/js/js.js, line 85: ReferenceError: getTopGainersData is not defined
JavaScript error: https://www1.nseindia.com/common/js/js.js, line 85: ReferenceError: getTopGainersData is not defined
JavaScript error: https://www1.nseindia.com/common/js/js.js, line 85: ReferenceError: getTopGainersData is not defined
JavaScript error: https://www1.nseindia.com/common/js/js.js, line 85: ReferenceError: getTopGainersData is not defined
JavaScript error: https://www1.nseindia.com/common/js/js.js, line 85: ReferenceError: getTopGainersData is not defined
JavaScript error: https://www1.nseindia.com/common/js/js.js, line 85: ReferenceError: getTopGainersData is not defined
JavaScript error: https://www1.nseindia.com/common/js/js.js, line 85: ReferenceError: getTopGainersData is not defined
JavaScript error: https://www1.nseindia.com/common/js/js.js, line 85: ReferenceError: getTopGainersData is not defined
JavaScript error: https://www1.nseindia.com/common/js/js.js, line 85: ReferenceError: getTopGainersData is not defined
JavaScript error: https://www1.nseindia.com/common/js/js.js, line 85: ReferenceError: getTopGainersData is not defined
JavaScript error: https://www1.nseindia.com/common/js/js.js, line 85: ReferenceError: getTopGainersData is not defined
JavaScript error: https://www1.nseindia.com/common/js/js.js, line 85: ReferenceError: getTopGainersData is not defined
JavaScript error: https://www1.nseindia.com/common/js/js.js, line 85: ReferenceError: getTopGainersData is not defined
JavaScript error: https://www1.nseindia.com/common/js/js.js, line 85: ReferenceError: getTopGainersData is not defined
JavaScript error: https://www1.nseindia.com/common/js/js.js, line 85: ReferenceError: getTopGainersData is not defined
JavaScript error: https://www1.nseindia.com/common/js/js.js, line 85: ReferenceError: getTopGainersData is not defined
JavaScript error: https://www1.nseindia.com/common/js/js.js, line 85: ReferenceError: getTopGainersData is not defined
JavaScript error: https://www1.nseindia.com/common/js/js.js, line 85: ReferenceError: getTopGainersData is not defined
JavaScript error: https://www1.nseindia.com/common/js/js.js, line 85: ReferenceError: getTopGainersData is not defined
JavaScript error: https://www1.nseindia.com/common/js/js.js, line 85: ReferenceError: getTopGainersData is not defined
JavaScript error: https://www1.nseindia.com/common/js/js.js, line 85: ReferenceError: getTopGainersData is not defined
JavaScript error: https://www1.nseindia.com/common/js/js.js, line 85: ReferenceError: getTopGainersData is not defined
JavaScript error: https://www1.nseindia.com/common/js/js.js, line 85: ReferenceError: getTopGainersData is not defined
JavaScript error: https://www1.nseindia.com/common/js/js.js, line 85: ReferenceError: getTopGainersData is not defined
JavaScript error: https://www1.nseindia.com/common/js/js.js, line 85: ReferenceError: getTopGainersData is not defined
1592602483422	Marionette	INFO	Stopped listening on port 56022

###!!! [Child][MessageChannel::SendAndWait] Error: Channel error: cannot send/recv

om/common/js/js.js, line 85: ReferenceError: getTopGainersData is not defined
JavaScript error: https://www1.nseindia.com/common/js/js.js, line 85: ReferenceError: getTopGainersData is not defined
1592602482352	Marionette	INFO	Stopped listening on port 56166

###!!! [Child][RunMessage] Error: Channel closing: too late to send/recv, messages will be lost


###!!! [Child][MessageChannel::SendAndWait] Error: Channel error: cannot send/recv

s://www1.nseindia.com/common/js/js.js, line 85: ReferenceError: getTopGainersData is not defined
[Child 11768, Chrome_ChildThread] WARNING: pipe error: 232: file /builds/worker/checkouts/gecko/ipc/chromium/src/chrome/common/ipc_channel_win.cc, line 522
[Child 11768, Chrome_ChildThread] WARNING: pipe error: 232: file /builds/worker/checkouts/gecko/ipc/chromium/src/chrome/common/ipc_channel_win.cc, line 522
[Parent 18604, Gecko_IOThread] WARNING: file /builds/worker/checkouts/gecko/ipc/chromium/src/base/process_util_win.cc, line 166
[Parent 18604, Gecko_IOThread] WARNING: file /builds/worker/checkouts/gecko/ipc/chromium/src/base/process_util_win.cc, line 166
1592602478741	Marionette	INFO	Stopped listening on port 56485

###!!! [Child][RunMessage] Error: Channel closing: too late to send/recv, messages will be lost


###!!! [Child][MessageChannel::SendAndWait] Error: Channel error: cannot send/recv

1592605466134	mozrunner::runner	INFO	Running command: "C:\\Program Files (x86)\\Mozilla Firefox\\firefox.exe" "-marionette" "-foreground" "-no-remote" "-profile" "C:\\Users\\karth\\AppData\\Local\\Temp\\rust_mozprofileJKEcVz"
JavaScript error: resource://gre/modules/XULStore.jsm, line 66: Error: Can't find profile directory.
1592605473132	Marionette	INFO	Listening on port 56738
1592605473604	Marionette	WARN	TLS certificate errors will be ignored for this session
1592605493771	Marionette	INFO	Stopped listening on port 56738

###!!! [Child][RunMessage] Error: Channel closing: too late to send/recv, messages will be lost


###!!! [Child][MessageChannel::SendAndWait] Error: Channel error: cannot send/recv

